<?xml version="1.0" encoding="UTF-8"?>
<!-- Generated by org.testng.reporters.JUnitReportReporter -->
<testsuite hostname="HVTNDAL0764" failures="0" tests="1" name="com.regression.login.NewTest1" time="6.396" errors="0" timestamp="2022-07-15T13:07:17 IST" skipped="0">
  <testcase classname="com.regression.login.NewTest1" name="startbrowser" time="6.396"/>
  <system-out/>
</testsuite> <!-- com.regression.login.NewTest1 -->
